<?xml version="1.0" encoding="UTF-8"?>
<TestRun id="f5af1ddf-75ec-4c38-8356-67c5d2e304bf" name="Administrator@WIN-2Q4L78P1B59 2016-10-05 22:11:47" runUser="WIN-2Q4L78P1B59\Administrator" xmlns="http://microsoft.com/schemas/VisualStudio/TeamTest/2010">
  <TestSettings name="Default Test Settings" id="0ae8cdb1-f642-4d96-9bbb-9f54ab2c6c03">
    <Execution>
      <TestTypeSpecific />
      <AgentRule name="Execution Agents">
      </AgentRule>
    </Execution>
    <Deployment runDeploymentRoot="Administrator_WIN-2Q4L78P1B59 2016-10-05 22_11_47" />
    <Properties />
  </TestSettings>
  <Times creation="2016-10-05T22:11:47.3118594+00:00" queuing="2016-10-05T22:11:47.5878262+00:00" start="2016-10-05T22:11:47.6808270+00:00" finish="2016-10-05T22:11:47.9388259+00:00" />
  <ResultSummary outcome="Completed">
    <Counters total="1" executed="1" passed="1" error="0" failed="0" timeout="0" aborted="0" inconclusive="0" passedButRunAborted="0" notRunnable="0" notExecuted="0" disconnected="0" warning="0" completed="0" inProgress="0" pending="0" />
  </ResultSummary>
  <TestDefinitions>
    <UnitTest name="TestMethod1" storage="helloworldtest\bin\debug\helloworldtest.dll" id="468ee5d5-e801-0e2d-ab24-fd2b6bbe7081">
      <Execution id="8f6a0e3c-60ff-4d4d-9577-146c85a1b6ec" />
      <TestMethod codeBase="C:/Projects/HelloWorld/HelloWorldTest/bin/debug/HelloWorldTest.DLL" adapterTypeName="Microsoft.VisualStudio.TestTools.TestTypes.Unit.UnitTestAdapter, Microsoft.VisualStudio.QualityTools.Tips.UnitTest.Adapter, Version=14.0.0.0, Culture=neutral, PublicKeyToken=b03f5f7f11d50a3a" className="HelloWorldTest.UnitTest1, HelloWorldTest, Version=1.0.0.0, Culture=neutral, PublicKeyToken=null" name="TestMethod1" />
    </UnitTest>
  </TestDefinitions>
  <TestLists>
    <TestList name="Results Not in a List" id="8c84fa94-04c1-424b-9868-57a2d4851a1d" />
    <TestList name="All Loaded Results" id="19431567-8539-422a-85d7-44ee4e166bda" />
  </TestLists>
  <TestEntries>
    <TestEntry testId="468ee5d5-e801-0e2d-ab24-fd2b6bbe7081" executionId="8f6a0e3c-60ff-4d4d-9577-146c85a1b6ec" testListId="8c84fa94-04c1-424b-9868-57a2d4851a1d" />
  </TestEntries>
  <Results>
    <UnitTestResult executionId="8f6a0e3c-60ff-4d4d-9577-146c85a1b6ec" testId="468ee5d5-e801-0e2d-ab24-fd2b6bbe7081" testName="TestMethod1" computerName="WIN-2Q4L78P1B59" duration="00:00:00.0121132" startTime="2016-10-05T22:11:47.7168259+00:00" endTime="2016-10-05T22:11:47.8988276+00:00" testType="13cdc9d9-ddb5-4fa4-a97d-d965ccfc6d4b" outcome="Passed" testListId="8c84fa94-04c1-424b-9868-57a2d4851a1d" relativeResultsDirectory="8f6a0e3c-60ff-4d4d-9577-146c85a1b6ec">
    </UnitTestResult>
  </Results>
</TestRun>