<?xml version="1.0" encoding="UTF-8"?>
<TestRun id="c5206feb-2e4e-478f-92b0-bbee6c926aff" name="Administrator@WIN-2Q4L78P1B59 2016-10-12 01:28:27" runUser="WIN-2Q4L78P1B59\Administrator" xmlns="http://microsoft.com/schemas/VisualStudio/TeamTest/2010">
  <TestSettings name="Default Test Settings" id="d52f5be0-23ea-489d-a44d-8e9a8b0a498d">
    <Execution>
      <TestTypeSpecific />
      <AgentRule name="Execution Agents">
      </AgentRule>
    </Execution>
    <Deployment runDeploymentRoot="Administrator_WIN-2Q4L78P1B59 2016-10-12 01_28_27" />
    <Properties />
  </TestSettings>
  <Times creation="2016-10-12T01:28:27.6978044+00:00" queuing="2016-10-12T01:28:27.9946774+00:00" start="2016-10-12T01:28:28.1040531+00:00" finish="2016-10-12T01:28:28.3696649+00:00" />
  <ResultSummary outcome="Completed">
    <Counters total="1" executed="1" passed="1" error="0" failed="0" timeout="0" aborted="0" inconclusive="0" passedButRunAborted="0" notRunnable="0" notExecuted="0" disconnected="0" warning="0" completed="0" inProgress="0" pending="0" />
  </ResultSummary>
  <TestDefinitions>
    <UnitTest name="TestMethod1" storage="helloworldtest/bin/debug/helloworldtest.dll" id="468ee5d5-e801-0e2d-ab24-fd2b6bbe7081">
      <Execution id="147157ca-dc08-49ff-8bfd-167730828d7e" />
      <TestMethod codeBase="C:/Projects/HelloWorld/HelloWorldTest/bin/Debug/HelloWorldTest.DLL" adapterTypeName="Microsoft.VisualStudio.TestTools.TestTypes.Unit.UnitTestAdapter, Microsoft.VisualStudio.QualityTools.Tips.UnitTest.Adapter, Version=14.0.0.0, Culture=neutral, PublicKeyToken=b03f5f7f11d50a3a" className="HelloWorldTest.UnitTest1, HelloWorldTest, Version=1.0.0.0, Culture=neutral, PublicKeyToken=null" name="TestMethod1" />
    </UnitTest>
  </TestDefinitions>
  <TestLists>
    <TestList name="Results Not in a List" id="8c84fa94-04c1-424b-9868-57a2d4851a1d" />
    <TestList name="All Loaded Results" id="19431567-8539-422a-85d7-44ee4e166bda" />
  </TestLists>
  <TestEntries>
    <TestEntry testId="468ee5d5-e801-0e2d-ab24-fd2b6bbe7081" executionId="147157ca-dc08-49ff-8bfd-167730828d7e" testListId="8c84fa94-04c1-424b-9868-57a2d4851a1d" />
  </TestEntries>
  <Results>
    <UnitTestResult executionId="147157ca-dc08-49ff-8bfd-167730828d7e" testId="468ee5d5-e801-0e2d-ab24-fd2b6bbe7081" testName="TestMethod1" computerName="WIN-2Q4L78P1B59" duration="00:00:00.0120512" startTime="2016-10-12T01:28:28.1353028+00:00" endTime="2016-10-12T01:28:28.3227900+00:00" testType="13cdc9d9-ddb5-4fa4-a97d-d965ccfc6d4b" outcome="Passed" testListId="8c84fa94-04c1-424b-9868-57a2d4851a1d" relativeResultsDirectory="147157ca-dc08-49ff-8bfd-167730828d7e">
    </UnitTestResult>
  </Results>
</TestRun>